ARM GAS  /tmp/ccEYcadQ.s 			page 1


   1              		.cpu cortex-m4
   2              		.arch armv7e-m
   3              		.fpu fpv4-sp-d16
   4              		.eabi_attribute 27, 1
   5              		.eabi_attribute 28, 1
   6              		.eabi_attribute 20, 1
   7              		.eabi_attribute 21, 1
   8              		.eabi_attribute 23, 3
   9              		.eabi_attribute 24, 1
  10              		.eabi_attribute 25, 1
  11              		.eabi_attribute 26, 1
  12              		.eabi_attribute 30, 2
  13              		.eabi_attribute 34, 1
  14              		.eabi_attribute 18, 4
  15              		.file	"gpio.c"
  16              		.text
  17              		.section	.text.GPIO_Init,"ax",%progbits
  18              		.align	1
  19              		.p2align 2,,3
  20              		.global	GPIO_Init
  21              		.syntax unified
  22              		.thumb
  23              		.thumb_func
  25              	GPIO_Init:
  26              		@ args = 0, pretend = 0, frame = 0
  27              		@ frame_needed = 0, uses_anonymous_args = 0
  28 0000 0379     		ldrb	r3, [r0, #4]	@ zero_extendqisi2
  29 0002 413B     		subs	r3, r3, #65
  30 0004 032B     		cmp	r3, #3
  31 0006 69D8     		bhi	.L17
  32 0008 DFE803F0 		tbb	[pc, r3]
  33              	.L4:
  34 000c 61       		.byte	(.L7-.L4)/2
  35 000d 5A       		.byte	(.L6-.L4)/2
  36 000e 53       		.byte	(.L5-.L4)/2
  37 000f 02       		.byte	(.L3-.L4)/2
  38              		.p2align 1
  39              	.L3:
  40 0010 3349     		ldr	r1, .L20
  41 0012 344A     		ldr	r2, .L20+4
  42 0014 0B6B     		ldr	r3, [r1, #48]
  43 0016 43F00803 		orr	r3, r3, #8
  44 001a 0B63     		str	r3, [r1, #48]
  45              	.L8:
  46 001c 2DE9F043 		push	{r4, r5, r6, r7, r8, r9, lr}
  47 0020 D0F80570 		ldr	r7, [r0, #5]	@ unaligned
  48 0024 0260     		str	r2, [r0]	@ unaligned
  49 0026 0023     		movs	r3, #0
  50 0028 0326     		movs	r6, #3
  51 002a 0F25     		movs	r5, #15
  52              	.L10:
  53 002c 03F00701 		and	r1, r3, #7
  54 0030 27FA03F4 		lsr	r4, r7, r3
  55 0034 4FEA430E 		lsl	lr, r3, #1
  56 0038 8900     		lsls	r1, r1, #2
  57 003a E407     		lsls	r4, r4, #31
  58 003c 06FA0EF8 		lsl	r8, r6, lr
ARM GAS  /tmp/ccEYcadQ.s 			page 2


  59 0040 05FA01F9 		lsl	r9, r5, r1
  60 0044 2ED5     		bpl	.L9
  61 0046 1468     		ldr	r4, [r2]
  62 0048 24EA0804 		bic	r4, r4, r8
  63 004c 1460     		str	r4, [r2]
  64 004e 9468     		ldr	r4, [r2, #8]
  65 0050 072B     		cmp	r3, #7
  66 0052 D4BF     		ite	le
  67 0054 4FF0000C 		movle	ip, #0
  68 0058 4FF0010C 		movgt	ip, #1
  69 005c 02EB8C0C 		add	ip, r2, ip, lsl #2
  70 0060 24EA0804 		bic	r4, r4, r8
  71 0064 9460     		str	r4, [r2, #8]
  72 0066 DCF82040 		ldr	r4, [ip, #32]
  73 006a 24EA0904 		bic	r4, r4, r9
  74 006e CCF82040 		str	r4, [ip, #32]
  75 0072 847A     		ldrb	r4, [r0, #10]	@ zero_extendqisi2
  76 0074 D2F80080 		ldr	r8, [r2]
  77 0078 04FA0EF4 		lsl	r4, r4, lr
  78 007c 44EA0804 		orr	r4, r4, r8
  79 0080 1460     		str	r4, [r2]
  80 0082 447A     		ldrb	r4, [r0, #9]	@ zero_extendqisi2
  81 0084 D2F80880 		ldr	r8, [r2, #8]
  82 0088 04FA0EF4 		lsl	r4, r4, lr
  83 008c 44EA0804 		orr	r4, r4, r8
  84 0090 9460     		str	r4, [r2, #8]
  85 0092 D0F80BE0 		ldr	lr, [r0, #11]	@ unaligned
  86 0096 DCF82040 		ldr	r4, [ip, #32]
  87 009a 0EFA01F1 		lsl	r1, lr, r1
  88 009e 2143     		orrs	r1, r1, r4
  89 00a0 CCF82010 		str	r1, [ip, #32]
  90              	.L9:
  91 00a4 0133     		adds	r3, r3, #1
  92 00a6 102B     		cmp	r3, #16
  93 00a8 C0D1     		bne	.L10
  94 00aa 0023     		movs	r3, #0
  95 00ac 5361     		str	r3, [r2, #20]
  96 00ae BDE8F083 		pop	{r4, r5, r6, r7, r8, r9, pc}
  97              	.L5:
  98 00b2 0B49     		ldr	r1, .L20
  99 00b4 0C4A     		ldr	r2, .L20+8
 100 00b6 0B6B     		ldr	r3, [r1, #48]
 101 00b8 43F00403 		orr	r3, r3, #4
 102 00bc 0B63     		str	r3, [r1, #48]
 103 00be ADE7     		b	.L8
 104              	.L6:
 105 00c0 0749     		ldr	r1, .L20
 106 00c2 0A4A     		ldr	r2, .L20+12
 107 00c4 0B6B     		ldr	r3, [r1, #48]
 108 00c6 43F00203 		orr	r3, r3, #2
 109 00ca 0B63     		str	r3, [r1, #48]
 110 00cc A6E7     		b	.L8
 111              	.L7:
 112 00ce 0449     		ldr	r1, .L20
 113 00d0 074A     		ldr	r2, .L20+16
 114 00d2 0B6B     		ldr	r3, [r1, #48]
 115 00d4 43F00103 		orr	r3, r3, #1
ARM GAS  /tmp/ccEYcadQ.s 			page 3


 116 00d8 0B63     		str	r3, [r1, #48]
 117 00da 9FE7     		b	.L8
 118              	.L17:
 119 00dc 7047     		bx	lr
 120              	.L21:
 121 00de 00BF     		.align	2
 122              	.L20:
 123 00e0 00380240 		.word	1073887232
 124 00e4 000C0240 		.word	1073875968
 125 00e8 00080240 		.word	1073874944
 126 00ec 00040240 		.word	1073873920
 127 00f0 00000240 		.word	1073872896
 129              		.ident	"GCC: (15:12.2.rel1-1) 12.2.1 20221205"
ARM GAS  /tmp/ccEYcadQ.s 			page 4


DEFINED SYMBOLS
                            *ABS*:00000000 gpio.c
     /tmp/ccEYcadQ.s:18     .text.GPIO_Init:00000000 $t
     /tmp/ccEYcadQ.s:25     .text.GPIO_Init:00000000 GPIO_Init
     /tmp/ccEYcadQ.s:34     .text.GPIO_Init:0000000c $d
     /tmp/ccEYcadQ.s:38     .text.GPIO_Init:00000010 $t
     /tmp/ccEYcadQ.s:123    .text.GPIO_Init:000000e0 $d

NO UNDEFINED SYMBOLS
