ARM GAS  /tmp/ccOsryxy.s 			page 1


   1              		.cpu cortex-m4
   2              		.arch armv7e-m
   3              		.fpu fpv4-sp-d16
   4              		.eabi_attribute 27, 1
   5              		.eabi_attribute 28, 1
   6              		.eabi_attribute 20, 1
   7              		.eabi_attribute 21, 1
   8              		.eabi_attribute 23, 3
   9              		.eabi_attribute 24, 1
  10              		.eabi_attribute 25, 1
  11              		.eabi_attribute 26, 1
  12              		.eabi_attribute 30, 2
  13              		.eabi_attribute 34, 1
  14              		.eabi_attribute 18, 4
  15              		.file	"nucleo.c"
  16              		.text
  17              		.section	.text.CP_Init,"ax",%progbits
  18              		.align	1
  19              		.p2align 2,,3
  20              		.global	CP_Init
  21              		.syntax unified
  22              		.thumb
  23              		.thumb_func
  25              	CP_Init:
  26              		@ args = 0, pretend = 0, frame = 112
  27              		@ frame_needed = 0, uses_anonymous_args = 0
  28 0000 70B5     		push	{r4, r5, r6, lr}
  29 0002 9CB0     		sub	sp, sp, #112
  30 0004 0223     		movs	r3, #2
  31 0006 0024     		movs	r4, #0
  32 0008 0693     		str	r3, [sp, #24]
  33 000a 8DF80E30 		strb	r3, [sp, #14]
  34 000e 0723     		movs	r3, #7
  35 0010 0125     		movs	r5, #1
  36 0012 4022     		movs	r2, #64
  37 0014 2146     		mov	r1, r4
  38 0016 0426     		movs	r6, #4
  39 0018 0790     		str	r0, [sp, #28]
  40 001a 8DF80F30 		strb	r3, [sp, #15]
  41 001e 0CA8     		add	r0, sp, #48
  42 0020 4123     		movs	r3, #65
  43 0022 ADF80C40 		strh	r4, [sp, #12]	@ movhi
  44 0026 8DF80830 		strb	r3, [sp, #8]
  45 002a CDE90844 		strd	r4, r4, [sp, #32]
  46 002e 0594     		str	r4, [sp, #20]
  47 0030 0B95     		str	r5, [sp, #44]
  48 0032 0194     		str	r4, [sp, #4]
  49 0034 8DF80A40 		strb	r4, [sp, #10]
  50 0038 8DF80B40 		strb	r4, [sp, #11]
  51 003c 8DF80C40 		strb	r4, [sp, #12]
  52 0040 8DF81040 		strb	r4, [sp, #16]
  53 0044 8DF81140 		strb	r4, [sp, #17]
  54 0048 8DF81240 		strb	r4, [sp, #18]
  55 004c 0A94     		str	r4, [sp, #40]
  56 004e 8DF80960 		strb	r6, [sp, #9]
  57 0052 FFF7FEFF 		bl	memset
  58 0056 0E4B     		ldr	r3, .L4
ARM GAS  /tmp/ccOsryxy.s 			page 2


  59 0058 1293     		str	r3, [sp, #72]
  60 005a 0DEB0600 		add	r0, sp, r6
  61 005e 0623     		movs	r3, #6
  62 0060 0E93     		str	r3, [sp, #56]	@ unaligned
  63 0062 0F96     		str	r6, [sp, #60]
  64 0064 0D95     		str	r5, [sp, #52]	@ unaligned
  65 0066 8DF85350 		strb	r5, [sp, #83]
  66 006a 8DF85440 		strb	r4, [sp, #84]
  67 006e 8DF85540 		strb	r4, [sp, #85]
  68 0072 8DF85640 		strb	r4, [sp, #86]
  69 0076 8DF86350 		strb	r5, [sp, #99]
  70 007a 1995     		str	r5, [sp, #100]
  71 007c FFF7FEFF 		bl	GPIO_Init
  72 0080 0CA8     		add	r0, sp, #48
  73 0082 FFF7FEFF 		bl	DMA_Init
  74 0086 05A8     		add	r0, sp, #20
  75 0088 FFF7FEFF 		bl	USART_Init
  76 008c 1CB0     		add	sp, sp, #112
  77              		@ sp needed
  78 008e 70BD     		pop	{r4, r5, r6, pc}
  79              	.L5:
  80              		.align	2
  81              	.L4:
  82 0090 04440040 		.word	1073759236
  84              		.section	.text.DMA1_Stream6_IRQHandler,"ax",%progbits
  85              		.align	1
  86              		.p2align 2,,3
  87              		.global	DMA1_Stream6_IRQHandler
  88              		.syntax unified
  89              		.thumb
  90              		.thumb_func
  92              	DMA1_Stream6_IRQHandler:
  93              		@ args = 0, pretend = 0, frame = 0
  94              		@ frame_needed = 0, uses_anonymous_args = 0
  95              		@ link register save eliminated.
  96 0000 054B     		ldr	r3, .L11
  97 0002 5A68     		ldr	r2, [r3, #4]
  98 0004 9202     		lsls	r2, r2, #10
  99 0006 05D5     		bpl	.L6
 100 0008 044A     		ldr	r2, .L11+4
 101 000a 4FF40010 		mov	r0, #2097152
 102 000e 0121     		movs	r1, #1
 103 0010 D860     		str	r0, [r3, #12]
 104 0012 1160     		str	r1, [r2]
 105              	.L6:
 106 0014 7047     		bx	lr
 107              	.L12:
 108 0016 00BF     		.align	2
 109              	.L11:
 110 0018 00600240 		.word	1073897472
 111 001c 00000000 		.word	nucleo_printf_done
 113              		.section	.text.nucleo_printf,"ax",%progbits
 114              		.align	1
 115              		.p2align 2,,3
 116              		.global	nucleo_printf
 117              		.syntax unified
 118              		.thumb
ARM GAS  /tmp/ccOsryxy.s 			page 3


 119              		.thumb_func
 121              	nucleo_printf:
 122              		@ args = 0, pretend = 0, frame = 0
 123              		@ frame_needed = 0, uses_anonymous_args = 0
 124 0000 10B5     		push	{r4, lr}
 125 0002 104A     		ldr	r2, .L20
 126              	.L14:
 127 0004 1368     		ldr	r3, [r2]
 128 0006 002B     		cmp	r3, #0
 129 0008 FCD0     		beq	.L14
 130 000a 0F4C     		ldr	r4, .L20+4
 131 000c 0023     		movs	r3, #0
 132 000e 1360     		str	r3, [r2]
 133 0010 D4F8A030 		ldr	r3, [r4, #160]
 134 0014 23F00103 		bic	r3, r3, #1
 135 0018 C4F8A030 		str	r3, [r4, #160]
 136              	.L15:
 137 001c D4F8A030 		ldr	r3, [r4, #160]
 138 0020 DB07     		lsls	r3, r3, #31
 139 0022 FBD4     		bmi	.L15
 140 0024 094B     		ldr	r3, .L20+8
 141 0026 C4F8AC00 		str	r0, [r4, #172]
 142 002a C4F8A830 		str	r3, [r4, #168]
 143 002e FFF7FEFF 		bl	strlen
 144 0032 C4F8A400 		str	r0, [r4, #164]
 145 0036 D4F8A030 		ldr	r3, [r4, #160]
 146 003a 43F00103 		orr	r3, r3, #1
 147 003e C4F8A030 		str	r3, [r4, #160]
 148 0042 10BD     		pop	{r4, pc}
 149              	.L21:
 150              		.align	2
 151              	.L20:
 152 0044 00000000 		.word	nucleo_printf_done
 153 0048 00600240 		.word	1073897472
 154 004c 04440040 		.word	1073759236
 156              		.section	.text.__io_putchar,"ax",%progbits
 157              		.align	1
 158              		.p2align 2,,3
 159              		.global	__io_putchar
 160              		.syntax unified
 161              		.thumb
 162              		.thumb_func
 164              	__io_putchar:
 165              		@ args = 0, pretend = 0, frame = 0
 166              		@ frame_needed = 0, uses_anonymous_args = 0
 167              		@ link register save eliminated.
 168 0000 024A     		ldr	r2, .L26
 169              	.L23:
 170 0002 1368     		ldr	r3, [r2]
 171 0004 1B06     		lsls	r3, r3, #24
 172 0006 FCD5     		bpl	.L23
 173 0008 5060     		str	r0, [r2, #4]
 174 000a 7047     		bx	lr
 175              	.L27:
 176              		.align	2
 177              	.L26:
 178 000c 00440040 		.word	1073759232
ARM GAS  /tmp/ccOsryxy.s 			page 4


 180              		.section	.text._write,"ax",%progbits
 181              		.align	1
 182              		.p2align 2,,3
 183              		.global	_write
 184              		.syntax unified
 185              		.thumb
 186              		.thumb_func
 188              	_write:
 189              		@ args = 0, pretend = 0, frame = 0
 190              		@ frame_needed = 0, uses_anonymous_args = 0
 191              		@ link register save eliminated.
 192 0000 10B4     		push	{r4}
 193 0002 0A4C     		ldr	r4, .L39
 194 0004 1046     		mov	r0, r2
 195              	.L29:
 196 0006 2368     		ldr	r3, [r4]
 197 0008 002B     		cmp	r3, #0
 198 000a FCD0     		beq	.L29
 199 000c 0028     		cmp	r0, #0
 200 000e 0ADD     		ble	.L30
 201 0010 074A     		ldr	r2, .L39+4
 202 0012 01EB000C 		add	ip, r1, r0
 203              	.L32:
 204 0016 11F8014B 		ldrb	r4, [r1], #1	@ zero_extendqisi2
 205              	.L31:
 206 001a 1368     		ldr	r3, [r2]
 207 001c 1B06     		lsls	r3, r3, #24
 208 001e FCD5     		bpl	.L31
 209 0020 6145     		cmp	r1, ip
 210 0022 5460     		str	r4, [r2, #4]
 211 0024 F7D1     		bne	.L32
 212              	.L30:
 213 0026 5DF8044B 		ldr	r4, [sp], #4
 214 002a 7047     		bx	lr
 215              	.L40:
 216              		.align	2
 217              	.L39:
 218 002c 00000000 		.word	nucleo_printf_done
 219 0030 00440040 		.word	1073759232
 221              		.section	.text.LED_ON,"ax",%progbits
 222              		.align	1
 223              		.p2align 2,,3
 224              		.global	LED_ON
 225              		.syntax unified
 226              		.thumb
 227              		.thumb_func
 229              	LED_ON:
 230              		@ args = 0, pretend = 0, frame = 0
 231              		@ frame_needed = 0, uses_anonymous_args = 0
 232              		@ link register save eliminated.
 233 0000 024A     		ldr	r2, .L42
 234 0002 5369     		ldr	r3, [r2, #20]
 235 0004 43F02003 		orr	r3, r3, #32
 236 0008 5361     		str	r3, [r2, #20]
 237 000a 7047     		bx	lr
 238              	.L43:
 239              		.align	2
ARM GAS  /tmp/ccOsryxy.s 			page 5


 240              	.L42:
 241 000c 00000240 		.word	1073872896
 243              		.section	.text.LED_OFF,"ax",%progbits
 244              		.align	1
 245              		.p2align 2,,3
 246              		.global	LED_OFF
 247              		.syntax unified
 248              		.thumb
 249              		.thumb_func
 251              	LED_OFF:
 252              		@ args = 0, pretend = 0, frame = 0
 253              		@ frame_needed = 0, uses_anonymous_args = 0
 254              		@ link register save eliminated.
 255 0000 024A     		ldr	r2, .L45
 256 0002 5369     		ldr	r3, [r2, #20]
 257 0004 23F02003 		bic	r3, r3, #32
 258 0008 5361     		str	r3, [r2, #20]
 259 000a 7047     		bx	lr
 260              	.L46:
 261              		.align	2
 262              	.L45:
 263 000c 00000240 		.word	1073872896
 265              		.section	.text.LED_Init,"ax",%progbits
 266              		.align	1
 267              		.p2align 2,,3
 268              		.global	LED_Init
 269              		.syntax unified
 270              		.thumb
 271              		.thumb_func
 273              	LED_Init:
 274              		@ args = 0, pretend = 0, frame = 16
 275              		@ frame_needed = 0, uses_anonymous_args = 0
 276 0000 00B5     		push	{lr}
 277 0002 85B0     		sub	sp, sp, #20
 278 0004 0023     		movs	r3, #0
 279 0006 42F24101 		movw	r1, #8257
 280 000a 0122     		movs	r2, #1
 281 000c 6846     		mov	r0, sp
 282 000e CDE90133 		strd	r3, r3, [sp, #4]
 283 0012 0093     		str	r3, [sp]
 284 0014 CDF80B30 		str	r3, [sp, #11]	@ unaligned
 285 0018 8DF80A20 		strb	r2, [sp, #10]
 286 001c ADF80410 		strh	r1, [sp, #4]	@ movhi
 287 0020 FFF7FEFF 		bl	GPIO_Init
 288 0024 034A     		ldr	r2, .L49
 289 0026 5369     		ldr	r3, [r2, #20]
 290 0028 23F02003 		bic	r3, r3, #32
 291 002c 5361     		str	r3, [r2, #20]
 292 002e 05B0     		add	sp, sp, #20
 293              		@ sp needed
 294 0030 5DF804FB 		ldr	pc, [sp], #4
 295              	.L50:
 296              		.align	2
 297              	.L49:
 298 0034 00000240 		.word	1073872896
 300              		.section	.data.nucleo_printf_done,"aw"
 301              		.align	2
ARM GAS  /tmp/ccOsryxy.s 			page 6


 304              	nucleo_printf_done:
 305 0000 01000000 		.word	1
 306              		.ident	"GCC: (15:12.2.rel1-1) 12.2.1 20221205"
ARM GAS  /tmp/ccOsryxy.s 			page 7


DEFINED SYMBOLS
                            *ABS*:00000000 nucleo.c
     /tmp/ccOsryxy.s:18     .text.CP_Init:00000000 $t
     /tmp/ccOsryxy.s:25     .text.CP_Init:00000000 CP_Init
     /tmp/ccOsryxy.s:82     .text.CP_Init:00000090 $d
     /tmp/ccOsryxy.s:85     .text.DMA1_Stream6_IRQHandler:00000000 $t
     /tmp/ccOsryxy.s:92     .text.DMA1_Stream6_IRQHandler:00000000 DMA1_Stream6_IRQHandler
     /tmp/ccOsryxy.s:110    .text.DMA1_Stream6_IRQHandler:00000018 $d
     /tmp/ccOsryxy.s:304    .data.nucleo_printf_done:00000000 nucleo_printf_done
     /tmp/ccOsryxy.s:114    .text.nucleo_printf:00000000 $t
     /tmp/ccOsryxy.s:121    .text.nucleo_printf:00000000 nucleo_printf
     /tmp/ccOsryxy.s:152    .text.nucleo_printf:00000044 $d
     /tmp/ccOsryxy.s:157    .text.__io_putchar:00000000 $t
     /tmp/ccOsryxy.s:164    .text.__io_putchar:00000000 __io_putchar
     /tmp/ccOsryxy.s:178    .text.__io_putchar:0000000c $d
     /tmp/ccOsryxy.s:181    .text._write:00000000 $t
     /tmp/ccOsryxy.s:188    .text._write:00000000 _write
     /tmp/ccOsryxy.s:218    .text._write:0000002c $d
     /tmp/ccOsryxy.s:222    .text.LED_ON:00000000 $t
     /tmp/ccOsryxy.s:229    .text.LED_ON:00000000 LED_ON
     /tmp/ccOsryxy.s:241    .text.LED_ON:0000000c $d
     /tmp/ccOsryxy.s:244    .text.LED_OFF:00000000 $t
     /tmp/ccOsryxy.s:251    .text.LED_OFF:00000000 LED_OFF
     /tmp/ccOsryxy.s:263    .text.LED_OFF:0000000c $d
     /tmp/ccOsryxy.s:266    .text.LED_Init:00000000 $t
     /tmp/ccOsryxy.s:273    .text.LED_Init:00000000 LED_Init
     /tmp/ccOsryxy.s:298    .text.LED_Init:00000034 $d
     /tmp/ccOsryxy.s:301    .data.nucleo_printf_done:00000000 $d

UNDEFINED SYMBOLS
memset
GPIO_Init
DMA_Init
USART_Init
strlen
