ARM GAS  /tmp/ccFM9LNh.s 			page 1


   1              		.cpu cortex-m4
   2              		.arch armv7e-m
   3              		.fpu fpv4-sp-d16
   4              		.eabi_attribute 27, 1
   5              		.eabi_attribute 28, 1
   6              		.eabi_attribute 20, 1
   7              		.eabi_attribute 21, 1
   8              		.eabi_attribute 23, 3
   9              		.eabi_attribute 24, 1
  10              		.eabi_attribute 25, 1
  11              		.eabi_attribute 26, 1
  12              		.eabi_attribute 30, 2
  13              		.eabi_attribute 34, 1
  14              		.eabi_attribute 18, 4
  15              		.file	"spi.c"
  16              		.text
  17              		.section	.text.SPI_Init,"ax",%progbits
  18              		.align	1
  19              		.p2align 2,,3
  20              		.global	SPI_Init
  21              		.syntax unified
  22              		.thumb
  23              		.thumb_func
  25              	SPI_Init:
  26              		@ args = 0, pretend = 0, frame = 0
  27              		@ frame_needed = 0, uses_anonymous_args = 0
  28              		@ link register save eliminated.
  29 0000 7047     		bx	lr
  31 0002 00BF     		.ident	"GCC: (15:12.2.rel1-1) 12.2.1 20221205"
ARM GAS  /tmp/ccFM9LNh.s 			page 2


DEFINED SYMBOLS
                            *ABS*:00000000 spi.c
     /tmp/ccFM9LNh.s:18     .text.SPI_Init:00000000 $t
     /tmp/ccFM9LNh.s:25     .text.SPI_Init:00000000 SPI_Init

NO UNDEFINED SYMBOLS
